<?xml version="1.0" encoding="UTF-8"?>
<!-- Generated by org.testng.reporters.JUnitReportReporter -->
<testsuite hostname="DESKTOP-SMTB48K" failures="0" tests="1" name="com.websites.testcases.Login_TC" time="2.884" errors="0" timestamp="2022-04-30T17:25:11 IST" skipped="0">
  <testcase classname="com.websites.testcases.Login_TC" name="testlogin" time="2.884"/>
  <system-out/>
</testsuite> <!-- com.websites.testcases.Login_TC -->
